;Paris Métro, RER, Transilien and Tram:P
# check foot25, foot27, foot28, foot29
# Metro
:1:#FFBE00
La Défense
Esplanade de La Défense
Pont de Neuilly
Porte Maillot:foot01;Neuilly - Porte Maillot
Argentine
Charles de Gaulle - Étoile
George V
Franklin D. Roosevelt
Champs Élysées - Clemenceau
Concorde
Tuileries
Palais Royal - Musée du Louvre
Louvre - Rivoli
Châtelet:foot02;Châtelet Les Halles
Hôtel de Ville
Saint-Paul
Bastille
Gare de Lyon:foot03;Gare d'Austerlitz
Reuilly - Diderot
Nation
Porte de Vincennes
Saint-Mandé
Bérault
Château de Vincennes
# Funicular
:C1:#3C91DC
Créteil - Pointe du Lac
Limeil-Brévannes
Valenton
La Végétale
Villa Nova
# Funicular
:Funiculaire de Montmartre:#662D91
Anvers
Abbesses
# Metro
:2:#0055C8
Porte Dauphine:foot04;Avenue Foch
Victor Hugo
Charles de Gaulle - Étoile
Ternes
Courcelles
Monceau
Villiers
Rome
Place de Clichy
Blanche
Pigalle
Anvers
Barbès - Rochechouart
La Chapelle:foot05;Gare du Nord
Stalingrad
Jaurès
Colonel Fabien
Belleville
Couronnes
Ménilmontant
Père Lachaise
Philippe Auguste
Alexandre Dumas
Avron
Nation
# Metro
:3:#6E6E00
Pont de Levallois Bécon
Anatole France
Louise Michel
Porte de Champerret
Pereire:foot06;Pereire - Levallois
Wagram
Malesherbes
Villiers
Europe
Saint-Lazare:foot07;Gare Saint-Lazare:foot07;Saint-Augustin:foot07;Haussmann - Saint-Lazare
Havre Comartin:foot07;Auber:foot07;Haussmann - Saint-Lazare
Opéra:foot07;Auber
Quatre Septembre
Bourse
Sentier
Réaumur - Sébastopol
Arts et Métiers
Temple
République
Parmentier
Rue Saint-Maur
Père Lachaise
Gambetta
Porte de Bagnolet
Gallieni
# Metro
:3 bis:#82C8E6
Porte des Lilas
Saint-Fargeau
Pelleport
Gambetta
# Metro
:4:#A0006E
Porte de Clignancourt
Simplon
Marcadet - Poissonniers
Château Rouge
Barbès - Rochechouart
Gare du Nord:foot05;La Chapelle:gnmg;Magenta
Gare de l'Est
Château d'Eau
Strasbourg - Saint-Denis
Réaumur - Sébastopol
Étienne Marcel
Les Halles:foot02;Châtelet Les Halles
Châtelet:foot02;Châtelet Les Halles
Cité
Saint-Michel:foot09;Saint-Michel - Notre Dame
Odéon
Saint-Germain-des-Prés
Saint-Sulpice
Saint-Placide
Montparnasse - Bienvenüe:foot10;Gare Montparnasse
Vavin
Raspail
Denfert - Rochereau
Mouton - Duvernet
Alésia
Porte d'Orléans
Mairie de Montrouge
Barbara
Bagneux - Lucie Aubrac
# Metro
:5:#FF5A00
Bobigny - Pablo Picasso
Bobigny-Pantin - Raymond Queneau
Église de Pantin
Porte de Pantin
Ourcq
Laumière
Jaurès
Stalingrad
Gare du Nord:foot05;La Chapelle:gnmg;Magenta
Gare de l'Est
Jacques Bonsergent
République
Oberkampf
Richard Lenoir
Bréguet - Sabin
Bastille
Quai de la Rapée
Gare d'Austerlitz:foot03;Gare de Lyon
Saint-Marcel
Campo Formio
Place d'Italie
# Metro
:6:#82DC73
Charles de Gaulle - Étoile
Kléber
Boissière
Trocadéro
Passy
Bir-Hakeim:foot23;Champ de Mars - Tour Eiffel
Dupleix
La Motte Picquet - Grenelle
Cambronne
Sèvres - Lecourbe
Pasteur
Montparnasse - Bienvenüe:foot10;Gare Montparnasse
Edgar Quinet
Raspail
Denfert - Rochereau
Saint-Jacques
Glacière
Corvisart
Place d'Italie
Nationale
Chevaleret
Quai de la Gare
Bercy
Daumesnil
Bel-Air
Picpus
Nation
:7:#FF82B4
La Courneuve - 8 Mai 1945
Fort d'Aubervilliers
Aubervilliers - Pantin Quatre Chemins
Porte de la Villette
Corentin - Cariou
Crimée
Riquet
Stalingrad
Louis Blanc
Château - Landon
Gare de l'Est
Poissonière
Cadet
Le Peletier
Chaussée d'Antin - La Fayette
Opéra:foot07;Auber
Pyramides
Palais Royal - Musée du Louvre
Pont Neuf
Châtelet:foot02;Châtelet Les Halles
Pont Marie
Sully - Morland
Jussieu
Place Monge
Censier - Daubenton
Les Gobelins
Place d'Italie
Tolbiac
Maison Blanche=Porte d'Italie
Le Kremlin - Bicêtre
Villejuif - Léo Lagrange
Villejuif - Paul Vaillant-Couturier
Villejuif - Louis Aragon
!Porte d'Italie=Maison Blanche
Porte de Choisy
Porte d'Ivry
Pierre et Marie Curie
Mairie d'Ivry
:7 bis:#82DC73
Louis Blanc
Jaurès
Bolivar
Buttes Chaumont
Botzaris
>Place des Fêtes
>Pré Saint-Gervais:foot11;Hôpital Robert Debré
>Danube>Botzaris
:8:#D282BE
Balard:foot12;Suzanne Lengien
Lourmel
Boucicaut
Félix Faure
Commerce
La Motte Picquet - Grenelle
École Militaire
La Tour - Maubourg
Invalides
Concorde
Madeleine
Opéra:foot07;Auber
Richelieu - Drouot
Grands Boulevards
Bonne Nouvelle
Strasbourg - Saint-Denis
République
Filles du Calvaire
Saint-Sébastien - Froissart
Chemin Vert
Bastille
Ledru-Rollin
Faidherbe - Chaligny
Reuilly - Diderot
Montgallet
Daumesnil
Michel Bizot
Porte Dorée
Porte de Charenton
Liberté
Charenton - Écoles
École Vétérinaire de Maisons-Alfort
Maisons-Alfort - Stade
Maisons-Alfort - Les Juilliottes
Créteil - L'Échat
Créteil - Université
Créteil - Préfecture
Créteil - Pointe du Lac
:9:#D2D200
Pont de Sèvres:foot13;Musée de Sèvres
Billancourt
Marcel Sembat
Porte de Saint-Cloud
Exelmans
Michel Ange - Molitor
Michel Ange - Auteuil
Jasmin
Ranelagh
La Muette:foot24;Boulainvilliers
Rue de la Pompe:foot14;Avenue Henri Martin
Trocadéro
Alma - Marceau:foot15;Pont de l'Alma
Franklin D. Roosevelt
Saint-Philippe-du-Roule
Miromesnil
Saint-Augustin:foot07;Saint-Lazare
Havre - Caumartin
Chaussée d'Antin - La Fayette
Richelieu - Drouot
Grands Boulevards
Bonne Nouvelle
Strasbourg - Saint-Denis
République
Oberkampf
Saint-Ambroise
Voltaire
Charonne
Rue des Boulets
Nation
Buzenval
Maraîchers
Porte de Montreuil
Robespierre
Crois de Chavaux
Mairie de Montreuil
:10:#DC9600
Boulogne - Pont de Saint-Cloud:foot16;Parc de Saint-Cloud
Boulogne - Jean Jaurès
>Michel Ange - Molitor
>Chardon Lagache
>Javel - André Citroën:foot17;Javel>Église d'Auteuil
Charles Michels
Avenue Émile Zola
La Motte Picquet - Grenelle
Ségur
Duroc
Vaneau
Sèvres - Babylone
Mabillon
Odéon
Cluny - La Sorbonne:foot09;Saint-Michel - Notre Dame
Maubert - Mutualité
Cardinal Lemoine
Jussieu
Gare d'Austerlitz:foot03;Gare de Lyon
!Église d'Auteuil
>Michel Ange - Auteuil
>Porte d'Auteuíls>Boulogne - Jean Jaurès
:11:#6E491E
Châtelet:foot02;Châtelet Les Halles
Hôtel de Ville
Rambuteau
Arts et Métiers
Temple
République
Goncourt
Belleville
Pyrénées
Jourdain
Place des Fêtes
Télégraphe
Porte des Lilas
Mairie de Lilas
Serge Gainsbourg
Romainville - Carnot
Rosny - Bois-Perrier
:12:#00643C
Mairie d'Issy
Corentin - Celton
Porte de Versailles
Convention
Vaugirard
Volontaires
Pasteur
Falguière
Montparnasse - Bienvenüe:foot10;Gare Montparnasse
Notre-Dame-des-Champs
Rennes
Sèvres - Babylone
Rue du Bac
Solférino:foot18;Musée d'Orsay
Assemblée Nationale
Concorde
Madeleine
Saint-Lazare:foot07;Gare Saint-Lazare:foot07;Saint-Augustin:foot07;Haussmann - Saint-Lazare
Trinité d'Estienne d'Orves
Notre-Dame-de-Lorette
Saint-Georges
Pigalle
Abbesses
Lamarck - Caulaincourt
Simplon - Jules Joffrin
Marcadet - Poissonniers
Marx - Dormoy
Porte de la Chapelle
Front Populaire
Aimé Césaire
Mairie d'Aubervilliers
:13:#82C8E6
Les Courtilles
Les Agnettes
Gabriel Péri
Mairie de Clichy
Porte de Clichy
Brochant=La Fourche
!Saint-Denis - Université:foot19;Guynemer
Basilique de Saint-Denis
Saint-Denis - Porte de Paris
Carrefour Pleyel
Mairie de Saint-Ouen
Garibaldi
Porte de Saint-Ouen
Guy Môquet
La Fourche
Place de Clichy
Liège
Saint-Lazare:foot07;Gare Saint-Lazare:foot07;Saint-Augustin:foot07;Haussmann - Saint-Lazare
Miromesnil
Champs Élysées - Clemenceau
Invalides
Varenne
Saint-François-Xavier
Duroc
Montparnasse - Bienvenüe:foot10;Gare Montparnasse
Gaîté
Pernety
Plaisance
Porte de Vanves
Malakoff - Plateau de Vanves
Malakoff - Rue Étienne Dolet
Châtillon - Montrouge
:14:#640082
Saint-Denis - Pleyel
Mairie de Saint-Ouen
Saint-Ouen
Porte de Clichy
Pont Cardinet
Saint-Lazare:foot07;Gare Saint-Lazare:foot07;Saint-Augustin:foot07;Haussmann - Saint-Lazare
Madeleine
Pyramides
Châtelet:foot02;Châtelet Les Halles
Gare de Lyon:foot03;Gare d'Austerlitz
Bercy
Cour Saint-Émilion
Bibliothèque François Mitterrand:foot21;Avenue de France
Olympiades
Maison Blanche
Hôpital Bicêtre
Villejuif - Gustave Roussy
L'Haÿ-les-Roses
Chevilly-Larue
Thiais - Orly:foot22;Pont de Rungis
Aéroport d'Orly
# Metro
# :15:#XXXXXX
# Partial opening expected: end of 2025; rest to follow until 2030s
# Metro
:OrlyVal:#FFCD0D
Antony
Orly 1, 2, 3
Orly 4
# Metro
:CDGVal:#FFCD0D
Aéroport Charles de Gaulle Terminal 1
Parc PR
Aéroport Charles de Gaulle Terminal 3
Parc PX
Aéroport Charles de Gaulle Terminal 2
# Tram
:T1:#0055C8
Asnières - Quatre Routes
Les Courtilles
Le Luth
Le Village
Timbaud
Gennevilliers
Parc des Chantereines
Chemin des Reniers
La Noue
Mairie de Villeneuve-la-Garenne
L'Île Saint-Denis
Saint-Denis
Théâtre Gérard Philipe
Marché de Saint-Denis
Basilique de Saint-Denis
Cimetière de Saint-Denis
Hôpital Delafontaine
Cosmonautes
La Courneuve - 6 Routes
Hôtel de Ville de La Courneuve
Stade Géo André
Danton
La Courneuve - 8 Mai 1945
Maurice Lachâtre
Drancy - Avenir
Hôpital Avicenne
Gaston Roulaud
Escadrille Normandie-Niémen
La Ferme
Libération
Hôtel de Ville de Bobigny
Bobigny - Pablo Picasso
Jean Rostand
Auguste Delaune
Pont de Bondy
Petit Noisy
Noisy-le-Sec
# Tram
:T2:#A0006E
Pont de Bezons
Parc Pierre Lagravère
Victor Basch
Jacqueline Auriol
Charlebourg:foot25;La Garenne - Colombes
Les Fauvelles
Faubourg de l'Arche
La Défense
Puteaux
Belvédère
Suresnes - Longchamp
Les Coteaux
Les Milons
Parc de Saint-Cloud:foot16;Boulogne - Pont de Saint-Cloud
Musée de Sèvres:foot13;Pont de Sèvres
Brimborion
Meudon-sur-Seine
Les Moulineaux
Jacques-Henri Lartigue
Issy - Val de Seine
Henri Farman
Suzanne Lengien:foot12;Balard
Porte d'Issy
Porte de Versailles
# Tram
:T3a:#FF5A00
Porte de Garigliano
Balard:foot12;Suzanne Lengien
Desnouettes
Porte de Versailles
Georges Brassens
Brancion
Porte de Vanves
Didot
Jean Moulin
Porte d'Orléans
Montsouris
Cité Universitaire
Stade Charlétydes
Poterne - Peupliers
Porte d'Italie
Porte de Choisy
Porte d'Ivry
Maryse Bastié
Avenue de France:foot21;Bibliothèque François Mitterrand
Baron Le Roy
Porte de Charenton
Porte Dorée
Montempoivre
Alexandra David-Néel
Porte de Vincennes
# Tram
:T3b:#00643C
Porte de Vincennes
Porte de Montreuil
Marie de Miribel
Porte de Bagnolet
Séverine
Adrienne Bolland
Porte des Lilas
Hôpital Robert Debré:foot11;Pré Saint-Gervais
Butte du Chapeau Rouge
Porte de Pantin
Delphine Seyrig
Ella Fitzgerald:foot26;Pantin
Porte de la Villette
Canal Saint-Denis
Rosa Parks
Porte d'Aubervilliers
Colette Besson
Porte de la Chapelle
Diane Arbus
Porte de Clignancourt
Angélique Compoint
Porte de Saint-Ouen
Épinettes Pouchet
Honoré de Balzac
Porte de Clichy
Marguerite Long
Square Sainte-Odile
Porte de Champerret
Thérèse Pierre
Anny Flore
Porte Maillot
Anna de Noailles
Porte Dauphine:foot04;Avenue Foch
# Tram
:T4:#DC9600
Bondy
La Remise à Jorelle
Les Coquetiers
Allée de la Tour - Rendez-Vous
Les Pavillons sous Bois
Gargan=République Marx Dormoy
Lycée Henri Sellier
L'Abbaye
Freinville - Sevran
Rougemont - Chanteloup
Aulnay-sous-Bois
!République Marx Dormoy=Gargan
Léon Blum
Maurice Audin
Clichy sous Bois - Mairie
Romain Rolland
Clichy - Montfermeil
Notre Dame des Anges
Arboretum
Hôpital de Montfermeil
# Tram
:T5:#640082
Marché de Saint-Denis
Baudelaire
Roger Sémat
Guynemer:foot19;Saint-Denis - Université
Petit Pierrefitte
Joncherolles
Suzanne Valadon
Mairie de Pierrefitte
Alcide d'Orbigny
Jacques Prévert
Butte Pinson
Les Cholettes
Les Flanades
Paul Valéry
Lochères
Garges-Sarcelles
# Tram
:T6:#FF0000
Viroflay Rive Droite
Viroflay Rive Gauche
Robert Wagner
L'Onde
Mairie de Vélizy
Louvois
Inovel Parc Nord
Dewoitine
Vélizy 2
Meudon-la-Forêt
Georges Millandy
Georges Pompidou
Pavé Blanc
Mail de la Plaine
Hôpital Béclère
Soleil Levant
Division Leclerc
Parc André Malraux
Centre de Châtillon
Vauban
Châtillon - Montrouge
# Tram
:T7:#6E491E
Villejuif - Louis Aragon
Lamartine
Domaine Chérioux
Moulin Vert
Bretagne
Auguste Perret
Porte de Thiais:foot27;Chevilly-Larue
La Belle Épine
Place de la Logistique
Porte de Rungis
Saarinen
Robert Schuman
La Fraternelle
Hélène Boucher
Caroline Aigle
Cœur d'Orly
Aéroport d'Orly (Terminal 4)
Athis-Mons - Porte de l'Essonne
# Tram
:T8:#6E6E00
Saint-Denis - Porte de Paris
Pierre de Geyter
Saint-Denis
Paul Éluard
Delaunay - Belleville=César
Blumenthal
Les Mobiles
Les Béatus
Rose Bertin
Lacépède
Gilbert Bonnemaison
Épinay-sur-Seine
Épinay Orgemont
!César=Delaunay - Belleville
Jean Vilar
Pablo Neruda
Villetaneuse - Université
# Tram
:T9:#3C91DC
Porte de Choisy
Châteaudun - Barbès
Cimetière Parisien d'Ivry
La Briqueterie
Germaine Tailleferre
Beethoven - Concorde
Musée MAC VAL
Mairie de Vitry-sur-Seine
Camille Groult
Constant Coquelin
Watteau - Rondenay
Trois Communes
Verdun - Hoche
Rouget de Lisle:foot28;Choisy-le-Roi
Carle - Darthé
Four - Peary
Christophe Colomb
Les Saules
Orly - Gaston Viens:foot29;Orly Ville
# Tram
:T10:#6E6E00
Jardin Parisien
Hôpital Béclère
Le Hameau
Parc des Sports
Noveos
Malabry
Vallée aux Loups
Cité Jardin
Les Peintres
Théâtre La Piscine
Petit Châtenay
La Vallée
La Croix de Berny
# Tram
:T11:#FF5A00
Épinay-sur-Seine
Épinay - Villetaneuse
Villetaneuse - Université
Pierrefitte - Stains
Stains - La Cerisaie
Dugny - La Courneuve
Le Bourget
# Tram
:T12:#A50034
Massy - Palaiseau
Massy - Europe
Champlan
Longjumeau
Chilly - Mazarin
Gravigny - Balizy
Petit Vaux
Épinay-sur-Orge
Parc du Château
Coteaux de l'Orge
Amédée Gordini
Ferme Neuve
Bois de Saint-Eutrope
Traité de Rome
Bois Briard
Évry - Courcouronnes
# Tram
:T13:#6E491E
Saint-Germain-en-Laye
Camp des Loges
Lisière Pereire
Fourqueux - Bel Air
Mareil-Marly
L'Étang - Les Sablons
Saint-Nom-la-Bretèche - Forêt de Marly
Noisy-le-Roi
Bailly
Allée Royale
Les Portes de Saint-Cyr
Saint-Cyr
# Tram
:T14:#00A092
Esbly
Montry - Condé
Couilly - Saint-Germain - Quincy
Villiers Montbarbin
Crécy-la-Chapelle
# RER
:A:#FF1400
Cergy - Le Haut
Cergy - Saint-Christophe
Cergy - Préfecture
Neuville - Université
Conflans - Fin d'Oise
Achères Ville
Maisons Laffitte
Sartrouville
Houilles - Carrières-sur-Seine=Nanterre - Préfecture
!Saint-Germain-en-Laye
Le Vésinet - Le Pecq
Le Vésinet - Centre
Chatou - Croissy
Rueil - Malmaison
Nanterre Ville
Nanterre - Université
Nanterre - Préfecture:foot30;Nanterre - La Folie
La Défense
Charles de Gaulle - Étoile
Auber:foot07;Haussmann - Saint-Lazare:foot07;Havre Comartin:foot07;Opéra
Châtelet:foot02;Châtelet Les Halles
Gare de Lyon
Nation
Vincennes=Fontenay-sous-Bois
Val de Fontenay
Neuilly - Plaisance
Bry-sur-Marne
Noisy-le-Grand - Mont d'Est
Noisiel
Lognes
Torcy
Bussy - Saint-Georges
Val d'Europe
Marne-la-Vallée - Chessy
!Fontenay-sous-Bois=Vincennes
Nogent-sur-Marne
Joinville-le-Pont
Saint-Maur - Créteil
Le Parc de Saint-Maur
Champigny
La Varenne - Chennevières
Sucy - Bonneuil
Boissy - Saint-Leger
# RER
:B:#3C91DC
Saint-Rémy - Lès-Chevreuse
Courcelle-sur-Yvette
Gif-sur-Yvette
La Hacquinière
Bures-sur-Yvette
Orsay Ville
Le Guichet
Lozère
Palaiseau - Villebon
Palaiseau
Massy - Palaiseau
Massy - Verrières
Les Baconnets
Fontaine Michalon
Antony
La Croix de Berny
Parc de Sceaux=Bourg-la-Reine
!Robinson
Fontenay-aux-Roses
Sceaux
Bourg-la-Reine
Bagneux
Arcueil - Cachan
Laplace
Gentilly
Cité Universitaire
Denfert - Rochereau
Port Royal
Luxembourg
Saint-Michel - Notre Dame:foot09;Saint-Michel:foot09;Cluny - La Sorbonne
Châtelet:foot02;Châtelet Les Halles
Gare du Nord:foot05;La Chapelle:gnmg;Magenta
La Pleine - Stade de France
La Courneuve - Aubervilliers
Le Bourget
Drancy
Le Blanc - Mesnil
Aulnay-sous-Bois=Sevran Beaudottes
Sevran - Livry
Vert Galant
Villeparisis - Mitry-le-Neuf
Mitry - Claye
!Sevran Beaudottes=Aulnay-sous-Bois
Villepinte
Parc des Expositions
Aéroport Charles de Gaulle Terminal 3
Aéroport Charles de Gaulle Terminal 2 TGV
# RER
:C:#FFBE00
Pontoise
Saint-Ouen l'Aumône
Saint-Ouen l'Aumône - Liesse
Pierrelaye
Montigny - Beauchamp
Franconville-le-Plessis - Bouchard
Cernay
Ermont Eaubonne
Saint-Gratien
Épinay-sur-Seine
Les Grésillons
Saint-Ouen
Porte de Clichy
Pereire - Levallois:foot06;Pereire
Neuilly - Porte Maillot:foot01;Porte Maillot
Avenue Foch:foot04;Porte Dauphine
Avenue Henri Martin:foot14;Rue de la Pompe
Boulainvilliers:foot24;La Muette
Avenue du Président Kennedy
Champ de Mars - Tour Eiffel=Javel:foot23;Bir-Hakeim
Pont de l'Alma:foot15;Alma - Marceau
Invalides
Musée d'Orsay
Saint-Michel - Notre Dame:foot09;Saint-Michel:foot09;Cluny - La Sorbonne
Gare d'Austerlitz
Bibliothèque François Mitterrand
Ivry-sur-Seine
Vitry-sur-Seine
Les Ardoines
Choisy-le-Roi=Villeneuve-le-Roi
Les Saules
Orly Ville
Pont de Rungis
La Fraternelle
Chemin d'Antony
Massy - Verrières
Massy - Palaiseau
!Javel=Champ de Mars - Tour Eiffel:foot17;Javel - André Citroën
Pont du Garigliano
Issy - Val de Seine
Issy
Meudon - Val Fleury
Chaville - Vélizy
Viroflay Rive Gauche=Versailles - Chantiers
Porchefontaine
Versailles Château
!Versailles - Chantiers=Viroflay Rive Gauche
Saint-Cyr
Saint-Quentin-en-Yvelines
!Villeneuve-le-Roi=Choisy-le-Roi
Ablon
Athis-Mons
Juvisy
Savigny-sur-Orge
Épinay-sur-Orge
Sainte-Geneviève-des-Bois
Saint-Michel-sur-Orge
Brétigny=Marolles-en-Hurepoix
La Norville - Saint-Germain-lès-Arpajon
Arpajon
Égly
Breuillet - Bruyères-le-Châtel
Breuillet Village
Saint-Chéron
Sermaise
Dourdan
Dourdan - la Forêt
!Marolles-en-Hurepoix=Brétigny
Bouray
Lardy
Chamarande
Étréchy
Étampes
Saint-Martin-d'Étampes
# RER
:D:#00643C
Creil
Chantilly - Gouvieux
Orry-la-Ville - Coye-la-Forêt
La Borne Blanche
Survilliers Fosses
Louvres
Les Noues
Goussainville
Villiers-le-Bel - Gonesse - Arnouville
Garges - Sarcelles
Pierrefitte - Stains
Saint-Denis
Stade de France - Saint-Denis
Gare du Nord:foot05;La Chapelle:foot31;Magenta
Châtelet Les Halles:foot02;Châtelet:foot02;Les Halles
Gare de Lyon
Maisons-Alfort - Alfortville
Le Vert de Maisons
Créteil - Pompadour
Villeneuve - Triage
Villeneuve - Saint-Georges=Montgeron - Crosne
Juvisy
Viry-Châtillon=Ris-Orangis
Grigny
Orangis - Bois de l'Épine
Évry - Courcouronnes
Le Bras de Fer
Corbeil - Essonnes=Moulin Galant=Évry - Val de Seine
Essonnes - Robinson
Villabé
Le Plessis - Chenet
Le Coudray - Montceaux
Saint-Fargeau
Ponthierry Pringy
Boissise-le-Roi
Vosves
Melun
Le Mée-sur-Seine
Cesson
Savigny-le-Temple - Nandy
Lieusaint - Moissy
Combs-la-Ville - Quincy
Boussy - Saint-Antoine
Brunoy
Yerres
Montgeron - Crosne=Villeneuve - Saint-Georges
!Ris-Orangis=Viry-Châtillon
Grand Bourg
Évry - Val de Seine=Corbeil - Essonnes
!Moulin Galant=Corbeil - Essonnes
Mennecy
Ballancourt
La Ferté Alais
Boutigny
Maisse
Buno - Gironville
Boigneville
Malesherbes
# RER
:E:#A0006E
Nanterre - La Folie:foot30;Nanterre - Préfecture
La Défense
Neuilly - Porte Maillot:foot01;Porte Maillot
Haussmann - Saint-Lazare:foot07;Saint-Lazare
Magenta:foot31;Gare du Nord
Rosa Parks
Pantin:foot26;Ella Fitzgerald
Noisy-le-Sec=Bondy
Rosny - Bois-Perrier
Rosny-sous-Bois
Val de Fontenay
Nogent - Le Perreux
Le Boullereaux - Champigny
Villiers-sur-Marne - Le Plessis-Trévise
Les Yvris - Noisy-le-Grand
Émerainville - Pontault - Combault
Roissy-en-Brie
Ozoir-la-Ferrière
Gretz - Armainvilliers
Tournan
!Bondy=Noisy-le-Sec
Le Raincy - Villemomble - Montfermeil
Gagny
Le Chénay - Gagny
Chelles - Gournay
# Transilien
:H:#6E491E
Pontoise
Saint-Ouen l'Aumône=Épluches
Saint-Ouen l'Aumône - Liesse
Pierrelaye
Montigny - Beauchamp
Franconville-le-Plessis - Bouchard
Cernay
Ermont Eaubonne=Ermont Halte
Champ de Courses d'Enghien
Enghien-les-Bains
La Barre - Ormesson
Épinay - Villetaneuse=Deuil - Montmagny
Saint-Denis
Gare du Nord:foot05;La Chapelle:foot31;Magenta
!Épluches=Saint-Ouen l'Aumône
Pont Petit
Chaponval
Auvers-sur-Oise
Valmondois=Mériel
L'Isle Adam - Parmain
Champagne-sur-Oise
Persan Beaumont=Nointel Mours
Bruyères-sur-Oise
Boran-sur-Oise
Précy-sur-Oise
Creil
!Mériel=Valmondois
Méry-sur-Oise
Frépillon
Bessancourt
Taverny
Vaucelles
Saint-Leu-la-Forêt
Gros Noyer Saint-Prix
Ermont Halte=Ermont Eaubonne
!Nointel Mours=Persan Beaumont
Presles Courcelles
Montsoult Maffliers=Villaines
Bouffémont Moisselles
Domont
Écouen Ézanville
Sarcelles Saint-Brice
Groslay
Deuil - Montmagny=Épinay - Villetaneuse
!Villaines=Montsoult Maffliers
Belloy - Saint-Martin
Viarmes
Seugy
Luzarches
# Transilien
:J:#D2D200
Ermont Eaubonnne
Sannois=Argenteuil
!Gisors
Trie Château
Chaumont-en-Vexin
Liancourt - Saint-Pierre
La Villetertre
Chars
Santeuil - Le Perchay
Us
Montgeroult Courcelles
Boissy l'Aillerie
Osny
Pontoise
Saint-Ouen l'Aumône - Quartier de l'Église
Éragny - Neuville
Conflans - Sainte-Honorine=Conflans - Fin d'Oise
Herblay
La Frette - Montigny
Cormeilles-en-Parisis
Val d'Argenteuil
Argenteuil=Sannois
Le Stade
Colombes
Bois-Colombes
Asnières-sur-Seine=Houilles - Carrières-sur-Seine
Gare Saint-Lazare:foot07;Saint-Lazare
!Houilles - Carrières-sur-Seine=Asnières-sur-Seine
Poissy
Villennes-sur-Seine
Vernouillet - Verneuil
Les Clairières - Verneuil
Les Mureaux
Aubergenville - Élisabethville
Épône - Mézières
Mantes Station=Limay
Mantes-la-Jolie
Rosny-sur-Seine
Bonnières
Vernon - Giverny
!Limay=Mantes Station
Issou - Porcheville
Gargenville
Juziers
Meulan - Hardricourt
Thun-le-Paradis
Vaux-sur-Seine
Triel-sur-Seine
Chanteloup les Vignes
Andrésy
Maurecourt
Conflans - Fin d'Oise=Conflans - Sainte-Honorine
# Transilien
:K:#6E6E00
Gare du Nord:foot05;La Chapelle:foot31;Magenta
Aulnay-sous-Bois
Mitry - Claye
Compans
Thieux Nantouillet
Dammartin - Juilly Saint-Mard
Le Plessis - Belleville
Nanteuil-le-Haudouin
Ormoy Villers
Crépy-en-Valois
# Transilien
:L:#D282BE
Cergy - Le Haut
Cergy - Saint-Christophe
Cergy - Préfecture
Neuville - Université
Conflans - Fin d'Oise
Achères Ville
Maisons Laffitte
Sartrouville
Houilles - Carrières-sur-Seine
Nanterre - Université
La Garenne - Colombes
Les Vallées
Bécon les Bruyères=Courbevoie
Asnières-sur-Seine
Clichy - Levallois
Pont Cardinet
Gare Saint-Lazare:foot07;Saint-Lazare
!Courbevoie=Bécon les Bruyères
La Défense
Puteaux
Suresnes - Mont-Valérien
Le Val d'Or
Saint-Cloud=Sèvres - Ville d'Avray
Garches - Marnes-la-Coquette
Vaucresson
La Celle - Saint-Cloud
Bougival
Louveciennes
Marly-le-Roi
L'Étang-la-Ville
Saint-Nom-la-Bretèche - Forêt de Marly
!Sèvres - Ville d'Avray=Saint-Cloud
Chaville Rive Droite
Viroflay Rive Droite
Montreuil
Versailles Rive Droite
# Transilien
:N:#00A092
Gare Montparnasse
Vanves - Malakoff
Clamart
Meudon
Bellevue
Sèvres Rive Gauche
Chaville Rive Gauche
Viroflay Rive Gauche
Versailles - Chantiers
Saint-Cyr=Fontenay-le-Fleury
Saint-Quentin-en-Yvelines
Trappes
La Verrière
Coignières
Les Essarts-le-Roi
Le Perray
Rambouillet
!Fontenay-le-Fleury=Saint-Cyr
Villepreux - Les Clayes
Plaisir - Les Clayes
Plaisir - Grignon=Beynes
Villiers - Neauphle - Pontchartrain
Montfort-l'Amaury - Méré
Garancières - La Queue
Orgerus - Béhoust
Tacoignières - Richebourg
Houdan
Marchezais - Broué
Dreux
!Beynes=Plaisir - Grignon
Mareil-sur-Mauldre
Maule
Nézel Aulnay
Épône - Mézières
Mantes Station
Mantes-la-Jolie
# Transilien
:P:#FF5A00
Gare de l'Est=Tournan=Verneuil-l'Étang
Chelles - Gournay
Vaires - Torcy
Lagny - Thorigny
Esbly
Meaux
Trilport=Changis - Saint-Jean
Isles Armentières - Congis
Lizy-sur-Ourcq
Crouy-sur-Ourcq
Mareuil-sur-Ourcq
La Ferté - Milon
!Changis - Saint-Jean=Trilport
La Ferté-sous-Jouarre
Nanteuil Saâcy
Nogent l'Artaud - Charly
Chézy-sur-Marne
Château Thierry
!Tournan=Gare de l'Est
Marles-en-Brie
Mortcerf
Guérard - La Celle-sur-Morin
Faremoutiers - Pommeuse
Mouroux
Coulommiers
!Verneuil-l'Étang=Gare de l'Est
Mormant
Nangis
Longueville
Sainte-Colombe - Septveilles
Champbenoist - Poigny
Provins
# Transilien
:R:#FF82B4
Gare de Lyon
Melun=Livry-sur-Seine
Bois-le-Roi
Fontainebleau - Avon
Thomery
Moret - Veneux-les-Sablons=Saint-Mammès
Montigny-sur-Loing
Bouuron Marlotte Grez
Nemours - Saint-Pierre
Bagneaux-sur-Loing
Souppes - Château-Landon
Ferrières - Fontenay
Dordives
Montargis
!Livry-sur-Seine=Melun
Chartrettes
Fontaine-le-Port
Héricy
Vulaines-sur-Seine
Champagne-sur-Seine
Vernou-sur-Seine
La Grande Paroissse
Montereau
Saint-Mammès=Moret - Veneux-les-Sablons
# Transilien
:U:#A50034
La Défense
Puteaux
Suresnes - Mont-Valérien
Saint-Cloud
Sèvres - Ville d'Avray
Chaville Rive Droite
Versailles - Chantiers
Saint-Cyr
Saint-Quentin-en-Yvelines
Trappes
La Verrière
# Transilien
:V:#6E6E00
Massy - Palaiseau
Igny
Bièvres
Vauboyen
Jouy-en-Josas
Petit Jouy - Les Loges
Versailles - Chantiers
